{"meta": {"format": 3, "version": "7.12.0", "timestamp": "2025-11-26T13:41:04.752492", "branch_coverage": false, "show_contexts": false}, "files": {"src/spdx_headers/__init__.py": {"executed_lines": [4, 8, 10, 12, 13, 23, 25], "summary": {"covered_lines": 6, "num_statements": 6, "percent_covered": 100.0, "percent_covered_display": "100", "missing_lines": 0, "excluded_lines": 3, "percent_statements_covered": 100.0, "percent_statements_covered_display": "100"}, "missing_lines": [], "excluded_lines": [14, 15, 20], "functions": {"": {"executed_lines": [4, 8, 10, 12, 13, 23, 25], "summary": {"covered_lines": 6, "num_statements": 6, "percent_covered": 100.0, "percent_covered_display": "100", "missing_lines": 0, "excluded_lines": 3, "percent_statements_covered": 100.0, "percent_statements_covered_display": "100"}, "missing_lines": [], "excluded_lines": [14, 15, 20]}}, "classes": {"": {"executed_lines": [4, 8, 10, 12, 13, 23, 25], "summary": {"covered_lines": 6, "num_statements": 6, "percent_covered": 100.0, "percent_covered_display": "100", "missing_lines": 0, "excluded_lines": 3, "percent_statements_covered": 100.0, "percent_statements_covered_display": "100"}, "missing_lines": [], "excluded_lines": [14, 15, 20]}}}, "src/spdx_headers/__main__.py": {"executed_lines": [], "summary": {"covered_lines": 0, "num_statements": 1, "percent_covered": 0.0, "percent_covered_display": "0", "missing_lines": 1, "excluded_lines": 2, "percent_statements_covered": 0.0, "percent_statements_covered_display": "0"}, "missing_lines": [8], "excluded_lines": [10, 11], "functions": {"": {"executed_lines": [], "summary": {"covered_lines": 0, "num_statements": 1, "percent_covered": 0.0, "percent_covered_display": "0", "missing_lines": 1, "excluded_lines": 2, "percent_statements_covered": 0.0, "percent_statements_covered_display": "0"}, "missing_lines": [8], "excluded_lines": [10, 11]}}, "classes": {"": {"executed_lines": [], "summary": {"covered_lines": 0, "num_statements": 1, "percent_covered": 0.0, "percent_covered_display": "0", "missing_lines": 1, "excluded_lines": 2, "percent_statements_covered": 0.0, "percent_statements_covered_display": "0"}, "missing_lines": [8], "excluded_lines": [10, 11]}}}, "src/spdx_headers/_version.py": {"executed_lines": [4, 13, 14, 20, 21, 23, 24, 25, 26, 27, 28, 30, 31, 33], "summary": {"covered_lines": 14, "num_statements": 17, "percent_covered": 82.3529411764706, "percent_covered_display": "82", "missing_lines": 3, "excluded_lines": 0, "percent_statements_covered": 82.3529411764706, "percent_statements_covered_display": "82"}, "missing_lines": [15, 17, 18], "excluded_lines": [], "functions": {"": {"executed_lines": [4, 13, 14, 20, 21, 23, 24, 25, 26, 27, 28, 30, 31, 33], "summary": {"covered_lines": 14, "num_statements": 17, "percent_covered": 82.3529411764706, "percent_covered_display": "82", "missing_lines": 3, "excluded_lines": 0, "percent_statements_covered": 82.3529411764706, "percent_statements_covered_display": "82"}, "missing_lines": [15, 17, 18], "excluded_lines": []}}, "classes": {"": {"executed_lines": [4, 13, 14, 20, 21, 23, 24, 25, 26, 27, 28, 30, 31, 33], "summary": {"covered_lines": 14, "num_statements": 17, "percent_covered": 82.3529411764706, "percent_covered_display": "82", "missing_lines": 3, "excluded_lines": 0, "percent_statements_covered": 82.3529411764706, "percent_statements_covered_display": "82"}, "missing_lines": [15, 17, 18], "excluded_lines": []}}}, "src/spdx_headers/cli.py": {"executed_lines": [4, 8, 9, 10, 12, 13, 14, 15, 28, 29, 35, 36, 37, 44, 50, 57, 63, 69, 74, 83, 84, 98, 107, 113, 114, 120, 127, 135, 136, 145, 153, 156, 157, 158, 161, 164, 167, 170, 172, 176, 178, 179, 180, 181, 182, 184, 185, 186, 187, 188, 189, 190, 194, 195, 197, 198, 199, 200, 201, 205, 206, 209, 210, 211, 215, 216, 217, 218, 219, 220, 224, 225, 226, 227, 228, 229, 230, 231, 232, 233, 234, 235, 236, 237, 238, 239, 240, 241, 244, 245, 246, 247, 248, 249, 252, 254, 255, 257, 258, 259, 261, 262, 263, 264, 266, 267, 270, 272, 273, 276], "summary": {"covered_lines": 108, "num_statements": 112, "percent_covered": 96.42857142857143, "percent_covered_display": "96", "missing_lines": 4, "excluded_lines": 2, "percent_statements_covered": 96.42857142857143, "percent_statements_covered_display": "96"}, "missing_lines": [173, 174, 208, 269], "excluded_lines": [276, 277], "functions": {"main": {"executed_lines": [29, 35, 36, 37, 44, 50, 57, 63, 69, 74, 83, 84, 98, 107, 113, 114, 120, 127, 135, 136, 145, 153, 156, 157, 158, 161, 164, 167, 170, 172, 176, 178, 179, 180, 181, 182, 184, 185, 186, 187, 188, 189, 190, 194, 195, 197, 198, 199, 200, 201, 205, 206, 209, 210, 211, 215, 216, 217, 218, 219, 220, 224, 225, 226, 227, 228, 229, 230, 231, 232, 233, 234, 235, 236, 237, 238, 239, 240, 241, 244, 245, 246, 247, 248, 249, 252, 254, 255, 257, 258, 259, 261, 262, 263, 264, 266, 267, 270, 272, 273], "summary": {"covered_lines": 100, "num_statements": 104, "percent_covered": 96.15384615384616, "percent_covered_display": "96", "missing_lines": 4, "excluded_lines": 0, "percent_statements_covered": 96.15384615384616, "percent_statements_covered_display": "96"}, "missing_lines": [173, 174, 208, 269], "excluded_lines": []}, "": {"executed_lines": [4, 8, 9, 10, 12, 13, 14, 15, 28, 276], "summary": {"covered_lines": 8, "num_statements": 8, "percent_covered": 100.0, "percent_covered_display": "100", "missing_lines": 0, "excluded_lines": 2, "percent_statements_covered": 100.0, "percent_statements_covered_display": "100"}, "missing_lines": [], "excluded_lines": [276, 277]}}, "classes": {"": {"executed_lines": [4, 8, 9, 10, 12, 13, 14, 15, 28, 29, 35, 36, 37, 44, 50, 57, 63, 69, 74, 83, 84, 98, 107, 113, 114, 120, 127, 135, 136, 145, 153, 156, 157, 158, 161, 164, 167, 170, 172, 176, 178, 179, 180, 181, 182, 184, 185, 186, 187, 188, 189, 190, 194, 195, 197, 198, 199, 200, 201, 205, 206, 209, 210, 211, 215, 216, 217, 218, 219, 220, 224, 225, 226, 227, 228, 229, 230, 231, 232, 233, 234, 235, 236, 237, 238, 239, 240, 241, 244, 245, 246, 247, 248, 249, 252, 254, 255, 257, 258, 259, 261, 262, 263, 264, 266, 267, 270, 272, 273, 276], "summary": {"covered_lines": 108, "num_statements": 112, "percent_covered": 96.42857142857143, "percent_covered_display": "96", "missing_lines": 4, "excluded_lines": 2, "percent_statements_covered": 96.42857142857143, "percent_statements_covered_display": "96"}, "missing_lines": [173, 174, 208, 269], "excluded_lines": [276, 277]}}}, "src/spdx_headers/core.py": {"executed_lines": [5, 13, 15, 16, 17, 18, 19, 20, 22, 23, 33, 34, 35, 37, 39, 40, 43, 44, 45, 47, 48, 52, 55, 60, 65, 70, 72, 73, 75, 76, 77, 79, 82, 84, 85, 86, 88, 90, 91, 92, 93, 95, 96, 97, 98, 99, 100, 101, 102, 103, 104, 105, 109, 112, 114, 115, 116, 117, 118, 119, 120, 122, 123, 126, 128, 129, 130, 134, 137, 138, 139, 141, 142, 145, 147, 148, 149, 150, 151, 155, 157, 160, 162, 163, 164, 165, 170, 172, 173, 174, 176, 177, 178, 179, 180, 181, 182, 183, 185, 186, 187, 188, 189, 191, 196, 204, 205, 207, 208, 216, 218, 219, 223, 224, 228, 232, 235, 236, 252, 266, 286, 330, 340, 352, 361, 378, 432], "summary": {"covered_lines": 125, "num_statements": 231, "percent_covered": 54.112554112554115, "percent_covered_display": "54", "missing_lines": 106, "excluded_lines": 4, "percent_statements_covered": 54.112554112554115, "percent_statements_covered_display": "54"}, "missing_lines": [24, 25, 26, 49, 50, 51, 62, 67, 121, 131, 132, 143, 153, 166, 167, 192, 193, 220, 221, 230, 258, 259, 260, 261, 262, 263, 264, 274, 275, 277, 278, 279, 280, 281, 283, 284, 288, 289, 291, 294, 295, 298, 299, 301, 302, 305, 306, 307, 308, 309, 312, 313, 315, 316, 317, 319, 322, 324, 325, 326, 328, 336, 337, 338, 346, 347, 349, 350, 354, 355, 357, 358, 359, 367, 368, 370, 371, 372, 373, 374, 376, 390, 391, 393, 394, 397, 398, 399, 400, 401, 404, 410, 412, 413, 416, 417, 420, 421, 423, 425, 426, 427, 428, 429, 430, 438], "excluded_lines": [27, 28, 106, 107], "functions": {"_load_exclusions": {"executed_lines": [44, 45, 47, 48, 52], "summary": {"covered_lines": 5, "num_statements": 8, "percent_covered": 62.5, "percent_covered_display": "62", "missing_lines": 3, "excluded_lines": 0, "percent_statements_covered": 62.5, "percent_statements_covered_display": "62"}, "missing_lines": [49, 50, 51], "excluded_lines": []}, "load_license_data": {"executed_lines": [], "summary": {"covered_lines": 0, "num_statements": 1, "percent_covered": 0.0, "percent_covered_display": "0", "missing_lines": 1, "excluded_lines": 0, "percent_statements_covered": 0.0, "percent_statements_covered_display": "0"}, "missing_lines": [62], "excluded_lines": []}, "update_license_data": {"executed_lines": [], "summary": {"covered_lines": 0, "num_statements": 1, "percent_covered": 0.0, "percent_covered_display": "0", "missing_lines": 1, "excluded_lines": 0, "percent_statements_covered": 0.0, "percent_statements_covered_display": "0"}, "missing_lines": [67], "excluded_lines": []}, "find_src_directory": {"executed_lines": [72, 73, 75, 76, 77, 79], "summary": {"covered_lines": 6, "num_statements": 6, "percent_covered": 100.0, "percent_covered_display": "100", "missing_lines": 0, "excluded_lines": 0, "percent_statements_covered": 100.0, "percent_statements_covered_display": "100"}, "missing_lines": [], "excluded_lines": []}, "get_copyright_info": {"executed_lines": [84, 85, 86, 88, 90, 91, 92, 93, 95, 96, 97, 98, 99, 100, 101, 102, 103, 104, 105, 109], "summary": {"covered_lines": 20, "num_statements": 20, "percent_covered": 100.0, "percent_covered_display": "100", "missing_lines": 0, "excluded_lines": 2, "percent_statements_covered": 100.0, "percent_statements_covered_display": "100"}, "missing_lines": [], "excluded_lines": [106, 107]}, "find_python_files": {"executed_lines": [114, 115, 116, 117, 118, 119, 120, 122, 123], "summary": {"covered_lines": 9, "num_statements": 10, "percent_covered": 90.0, "percent_covered_display": "90", "missing_lines": 1, "excluded_lines": 0, "percent_statements_covered": 90.0, "percent_statements_covered_display": "90"}, "missing_lines": [121], "excluded_lines": []}, "has_spdx_header": {"executed_lines": [128, 129, 130, 134], "summary": {"covered_lines": 4, "num_statements": 6, "percent_covered": 66.66666666666667, "percent_covered_display": "67", "missing_lines": 2, "excluded_lines": 0, "percent_statements_covered": 66.66666666666667, "percent_statements_covered_display": "67"}, "missing_lines": [131, 132], "excluded_lines": []}, "_extract_spdx_header_from_lines": {"executed_lines": [138, 139, 141, 142, 145, 147, 148, 149, 150, 151, 155, 157], "summary": {"covered_lines": 12, "num_statements": 14, "percent_covered": 85.71428571428571, "percent_covered_display": "86", "missing_lines": 2, "excluded_lines": 0, "percent_statements_covered": 85.71428571428571, "percent_statements_covered_display": "86"}, "missing_lines": [143, 153], "excluded_lines": []}, "extract_spdx_header": {"executed_lines": [162, 163, 164, 165], "summary": {"covered_lines": 4, "num_statements": 6, "percent_covered": 66.66666666666667, "percent_covered_display": "67", "missing_lines": 2, "excluded_lines": 0, "percent_statements_covered": 66.66666666666667, "percent_statements_covered_display": "67"}, "missing_lines": [166, 167], "excluded_lines": []}, "remove_spdx_header": {"executed_lines": [172, 173, 174, 176, 177, 178, 179, 180, 181, 182, 183, 185, 186, 187, 188, 189, 191], "summary": {"covered_lines": 17, "num_statements": 19, "percent_covered": 89.47368421052632, "percent_covered_display": "89", "missing_lines": 2, "excluded_lines": 0, "percent_statements_covered": 89.47368421052632, "percent_statements_covered_display": "89"}, "missing_lines": [192, 193], "excluded_lines": []}, "create_header": {"executed_lines": [204, 205, 207, 208, 216, 218, 219, 223, 224, 228, 232], "summary": {"covered_lines": 11, "num_statements": 14, "percent_covered": 78.57142857142857, "percent_covered_display": "79", "missing_lines": 3, "excluded_lines": 0, "percent_statements_covered": 78.57142857142857, "percent_statements_covered_display": "79"}, "missing_lines": [220, 221, 230], "excluded_lines": []}, "FileProcessor.__init__": {"executed_lines": [], "summary": {"covered_lines": 0, "num_statements": 7, "percent_covered": 0.0, "percent_covered_display": "0", "missing_lines": 7, "excluded_lines": 0, "percent_statements_covered": 0.0, "percent_statements_covered_display": "0"}, "missing_lines": [258, 259, 260, 261, 262, 263, 264], "excluded_lines": []}, "FileProcessor.load": {"executed_lines": [], "summary": {"covered_lines": 0, "num_statements": 9, "percent_covered": 0.0, "percent_covered_display": "0", "missing_lines": 9, "excluded_lines": 0, "percent_statements_covered": 0.0, "percent_statements_covered_display": "0"}, "missing_lines": [274, 275, 277, 278, 279, 280, 281, 283, 284], "excluded_lines": []}, "FileProcessor._parse_structure": {"executed_lines": [], "summary": {"covered_lines": 0, "num_statements": 25, "percent_covered": 0.0, "percent_covered_display": "0", "missing_lines": 25, "excluded_lines": 0, "percent_statements_covered": 0.0, "percent_statements_covered_display": "0"}, "missing_lines": [288, 289, 291, 294, 295, 298, 299, 301, 302, 305, 306, 307, 308, 309, 312, 313, 315, 316, 317, 319, 322, 324, 325, 326, 328], "excluded_lines": []}, "FileProcessor.has_header": {"executed_lines": [], "summary": {"covered_lines": 0, "num_statements": 3, "percent_covered": 0.0, "percent_covered_display": "0", "missing_lines": 3, "excluded_lines": 0, "percent_statements_covered": 0.0, "percent_statements_covered_display": "0"}, "missing_lines": [336, 337, 338], "excluded_lines": []}, "FileProcessor.add_header": {"executed_lines": [], "summary": {"covered_lines": 0, "num_statements": 4, "percent_covered": 0.0, "percent_covered_display": "0", "missing_lines": 4, "excluded_lines": 0, "percent_statements_covered": 0.0, "percent_statements_covered_display": "0"}, "missing_lines": [346, 347, 349, 350], "excluded_lines": []}, "FileProcessor.remove_header": {"executed_lines": [], "summary": {"covered_lines": 0, "num_statements": 5, "percent_covered": 0.0, "percent_covered_display": "0", "missing_lines": 5, "excluded_lines": 0, "percent_statements_covered": 0.0, "percent_statements_covered_display": "0"}, "missing_lines": [354, 355, 357, 358, 359], "excluded_lines": []}, "FileProcessor.get_content": {"executed_lines": [], "summary": {"covered_lines": 0, "num_statements": 8, "percent_covered": 0.0, "percent_covered_display": "0", "missing_lines": 8, "excluded_lines": 0, "percent_statements_covered": 0.0, "percent_statements_covered_display": "0"}, "missing_lines": [367, 368, 370, 371, 372, 373, 374, 376], "excluded_lines": []}, "FileProcessor.save": {"executed_lines": [], "summary": {"covered_lines": 0, "num_statements": 24, "percent_covered": 0.0, "percent_covered_display": "0", "missing_lines": 24, "excluded_lines": 0, "percent_statements_covered": 0.0, "percent_statements_covered_display": "0"}, "missing_lines": [390, 391, 393, 394, 397, 398, 399, 400, 401, 404, 410, 412, 413, 416, 417, 420, 421, 423, 425, 426, 427, 428, 429, 430], "excluded_lines": []}, "FileProcessor.is_modified": {"executed_lines": [], "summary": {"covered_lines": 0, "num_statements": 1, "percent_covered": 0.0, "percent_covered_display": "0", "missing_lines": 1, "excluded_lines": 0, "percent_statements_covered": 0.0, "percent_statements_covered_display": "0"}, "missing_lines": [438], "excluded_lines": []}, "": {"executed_lines": [5, 13, 15, 16, 17, 18, 19, 20, 22, 23, 33, 34, 35, 37, 39, 40, 43, 55, 60, 65, 70, 82, 112, 126, 137, 160, 170, 196, 235, 236, 252, 266, 286, 330, 340, 352, 361, 378, 432], "summary": {"covered_lines": 37, "num_statements": 40, "percent_covered": 92.5, "percent_covered_display": "92", "missing_lines": 3, "excluded_lines": 2, "percent_statements_covered": 92.5, "percent_statements_covered_display": "92"}, "missing_lines": [24, 25, 26], "excluded_lines": [27, 28]}}, "classes": {"FileProcessor": {"executed_lines": [], "summary": {"covered_lines": 0, "num_statements": 86, "percent_covered": 0.0, "percent_covered_display": "0", "missing_lines": 86, "excluded_lines": 0, "percent_statements_covered": 0.0, "percent_statements_covered_display": "0"}, "missing_lines": [258, 259, 260, 261, 262, 263, 264, 274, 275, 277, 278, 279, 280, 281, 283, 284, 288, 289, 291, 294, 295, 298, 299, 301, 302, 305, 306, 307, 308, 309, 312, 313, 315, 316, 317, 319, 322, 324, 325, 326, 328, 336, 337, 338, 346, 347, 349, 350, 354, 355, 357, 358, 359, 367, 368, 370, 371, 372, 373, 374, 376, 390, 391, 393, 394, 397, 398, 399, 400, 401, 404, 410, 412, 413, 416, 417, 420, 421, 423, 425, 426, 427, 428, 429, 430, 438], "excluded_lines": []}, "": {"executed_lines": [5, 13, 15, 16, 17, 18, 19, 20, 22, 23, 33, 34, 35, 37, 39, 40, 43, 44, 45, 47, 48, 52, 55, 60, 65, 70, 72, 73, 75, 76, 77, 79, 82, 84, 85, 86, 88, 90, 91, 92, 93, 95, 96, 97, 98, 99, 100, 101, 102, 103, 104, 105, 109, 112, 114, 115, 116, 117, 118, 119, 120, 122, 123, 126, 128, 129, 130, 134, 137, 138, 139, 141, 142, 145, 147, 148, 149, 150, 151, 155, 157, 160, 162, 163, 164, 165, 170, 172, 173, 174, 176, 177, 178, 179, 180, 181, 182, 183, 185, 186, 187, 188, 189, 191, 196, 204, 205, 207, 208, 216, 218, 219, 223, 224, 228, 232, 235, 236, 252, 266, 286, 330, 340, 352, 361, 378, 432], "summary": {"covered_lines": 125, "num_statements": 145, "percent_covered": 86.20689655172414, "percent_covered_display": "86", "missing_lines": 20, "excluded_lines": 4, "percent_statements_covered": 86.20689655172414, "percent_statements_covered_display": "86"}, "missing_lines": [24, 25, 26, 49, 50, 51, 62, 67, 121, 131, 132, 143, 153, 166, 167, 192, 193, 220, 221, 230], "excluded_lines": [27, 28, 106, 107]}}}, "src/spdx_headers/data.py": {"executed_lines": [4, 8, 10, 11, 12, 13, 14, 16, 19, 20, 21, 22, 23, 24, 27, 28, 31, 32, 33, 34, 37, 38, 39, 43, 46, 47, 62, 63, 64, 65, 66, 67, 71, 72, 77, 98, 101, 104, 106, 107, 108, 109, 114, 118, 119, 120, 124, 126, 127, 130, 132, 141, 142, 143, 146, 153, 154, 157, 159, 161, 162, 165, 167, 168, 169, 171, 172, 173, 174, 177, 192], "summary": {"covered_lines": 66, "num_statements": 71, "percent_covered": 92.95774647887323, "percent_covered_display": "93", "missing_lines": 5, "excluded_lines": 4, "percent_statements_covered": 92.95774647887323, "percent_statements_covered_display": "93"}, "missing_lines": [144, 155, 189, 209, 210], "excluded_lines": [108, 109, 173, 174], "functions": {"_load_license_data_cached": {"executed_lines": [62, 63, 64, 65, 66, 67, 71, 72], "summary": {"covered_lines": 8, "num_statements": 8, "percent_covered": 100.0, "percent_covered_display": "100", "missing_lines": 0, "excluded_lines": 0, "percent_statements_covered": 100.0, "percent_statements_covered_display": "100"}, "missing_lines": [], "excluded_lines": []}, "load_license_data": {"executed_lines": [98, 101], "summary": {"covered_lines": 2, "num_statements": 2, "percent_covered": 100.0, "percent_covered_display": "100", "missing_lines": 0, "excluded_lines": 0, "percent_statements_covered": 100.0, "percent_statements_covered_display": "100"}, "missing_lines": [], "excluded_lines": []}, "update_license_data": {"executed_lines": [106, 107, 108, 109, 114, 118, 119, 120, 124, 126, 127, 130, 132, 141, 142, 143, 146, 153, 154, 157, 159, 161, 162, 165, 167, 168, 169, 171, 172, 173, 174], "summary": {"covered_lines": 27, "num_statements": 29, "percent_covered": 93.10344827586206, "percent_covered_display": "93", "missing_lines": 2, "excluded_lines": 4, "percent_statements_covered": 93.10344827586206, "percent_statements_covered_display": "93"}, "missing_lines": [144, 155], "excluded_lines": [108, 109, 173, 174]}, "clear_license_data_cache": {"executed_lines": [], "summary": {"covered_lines": 0, "num_statements": 1, "percent_covered": 0.0, "percent_covered_display": "0", "missing_lines": 1, "excluded_lines": 0, "percent_statements_covered": 0.0, "percent_statements_covered_display": "0"}, "missing_lines": [189], "excluded_lines": []}, "get_cache_info": {"executed_lines": [], "summary": {"covered_lines": 0, "num_statements": 2, "percent_covered": 0.0, "percent_covered_display": "0", "missing_lines": 2, "excluded_lines": 0, "percent_statements_covered": 0.0, "percent_statements_covered_display": "0"}, "missing_lines": [209, 210], "excluded_lines": []}, "": {"executed_lines": [4, 8, 10, 11, 12, 13, 14, 16, 19, 20, 21, 22, 23, 24, 27, 28, 31, 32, 33, 34, 37, 38, 39, 43, 46, 47, 77, 104, 177, 192], "summary": {"covered_lines": 29, "num_statements": 29, "percent_covered": 100.0, "percent_covered_display": "100", "missing_lines": 0, "excluded_lines": 0, "percent_statements_covered": 100.0, "percent_statements_covered_display": "100"}, "missing_lines": [], "excluded_lines": []}}, "classes": {"_LicenseEntryRequired": {"executed_lines": [], "summary": {"covered_lines": 0, "num_statements": 0, "percent_covered": 100.0, "percent_covered_display": "100", "missing_lines": 0, "excluded_lines": 0, "percent_statements_covered": 100.0, "percent_statements_covered_display": "100"}, "missing_lines": [], "excluded_lines": []}, "LicenseEntry": {"executed_lines": [], "summary": {"covered_lines": 0, "num_statements": 0, "percent_covered": 100.0, "percent_covered_display": "100", "missing_lines": 0, "excluded_lines": 0, "percent_statements_covered": 100.0, "percent_statements_covered_display": "100"}, "missing_lines": [], "excluded_lines": []}, "LicenseMetadata": {"executed_lines": [], "summary": {"covered_lines": 0, "num_statements": 0, "percent_covered": 100.0, "percent_covered_display": "100", "missing_lines": 0, "excluded_lines": 0, "percent_statements_covered": 100.0, "percent_statements_covered_display": "100"}, "missing_lines": [], "excluded_lines": []}, "LicenseData": {"executed_lines": [], "summary": {"covered_lines": 0, "num_statements": 0, "percent_covered": 100.0, "percent_covered_display": "100", "missing_lines": 0, "excluded_lines": 0, "percent_statements_covered": 100.0, "percent_statements_covered_display": "100"}, "missing_lines": [], "excluded_lines": []}, "": {"executed_lines": [4, 8, 10, 11, 12, 13, 14, 16, 19, 20, 21, 22, 23, 24, 27, 28, 31, 32, 33, 34, 37, 38, 39, 43, 46, 47, 62, 63, 64, 65, 66, 67, 71, 72, 77, 98, 101, 104, 106, 107, 108, 109, 114, 118, 119, 120, 124, 126, 127, 130, 132, 141, 142, 143, 146, 153, 154, 157, 159, 161, 162, 165, 167, 168, 169, 171, 172, 173, 174, 177, 192], "summary": {"covered_lines": 66, "num_statements": 71, "percent_covered": 92.95774647887323, "percent_covered_display": "93", "missing_lines": 5, "excluded_lines": 4, "percent_statements_covered": 92.95774647887323, "percent_statements_covered_display": "93"}, "missing_lines": [144, 155, 189, 209, 210], "excluded_lines": [108, 109, 173, 174]}}}, "src/spdx_headers/encoding.py": {"executed_lines": [4, 11, 13, 14, 16, 19, 29, 50, 51, 65, 66, 71, 72, 73, 74, 75, 76, 77, 83, 103, 104, 106, 107, 108, 109, 110, 111, 119, 141, 142, 144, 145, 146, 147, 148, 155, 170, 173, 181, 184, 198, 199, 200, 203, 204, 207, 208, 209, 210, 211, 214, 215, 216, 217, 227, 241, 248, 250, 252, 253, 256, 257, 259, 260, 261, 262, 263, 266, 267, 278, 279, 282, 283, 284, 289], "summary": {"covered_lines": 74, "num_statements": 99, "percent_covered": 74.74747474747475, "percent_covered_display": "75", "missing_lines": 25, "excluded_lines": 0, "percent_statements_covered": 74.74747474747475, "percent_statements_covered_display": "75"}, "missing_lines": [53, 54, 56, 57, 58, 59, 62, 63, 67, 68, 80, 218, 219, 221, 223, 224, 269, 270, 272, 273, 274, 275, 276, 286, 287], "excluded_lines": [], "functions": {"detect_encoding": {"executed_lines": [50, 51, 65, 66, 71, 72, 73, 74, 75, 76, 77], "summary": {"covered_lines": 11, "num_statements": 22, "percent_covered": 50.0, "percent_covered_display": "50", "missing_lines": 11, "excluded_lines": 0, "percent_statements_covered": 50.0, "percent_statements_covered_display": "50"}, "missing_lines": [53, 54, 56, 57, 58, 59, 62, 63, 67, 68, 80], "excluded_lines": []}, "read_file_with_encoding": {"executed_lines": [103, 104, 106, 107, 108, 109, 110, 111], "summary": {"covered_lines": 8, "num_statements": 8, "percent_covered": 100.0, "percent_covered_display": "100", "missing_lines": 0, "excluded_lines": 0, "percent_statements_covered": 100.0, "percent_statements_covered_display": "100"}, "missing_lines": [], "excluded_lines": []}, "write_file_with_encoding": {"executed_lines": [141, 142, 144, 145, 146, 147, 148], "summary": {"covered_lines": 7, "num_statements": 7, "percent_covered": 100.0, "percent_covered_display": "100", "missing_lines": 0, "excluded_lines": 0, "percent_statements_covered": 100.0, "percent_statements_covered_display": "100"}, "missing_lines": [], "excluded_lines": []}, "normalize_encoding_name": {"executed_lines": [170, 173, 181], "summary": {"covered_lines": 3, "num_statements": 3, "percent_covered": 100.0, "percent_covered_display": "100", "missing_lines": 0, "excluded_lines": 0, "percent_statements_covered": 100.0, "percent_statements_covered_display": "100"}, "missing_lines": [], "excluded_lines": []}, "is_text_file": {"executed_lines": [198, 199, 200, 203, 204, 207, 208, 209, 210, 211, 214, 215, 216, 217], "summary": {"covered_lines": 14, "num_statements": 19, "percent_covered": 73.6842105263158, "percent_covered_display": "74", "missing_lines": 5, "excluded_lines": 0, "percent_statements_covered": 73.6842105263158, "percent_statements_covered_display": "74"}, "missing_lines": [218, 219, 221, 223, 224], "excluded_lines": []}, "get_encoding_info": {"executed_lines": [241, 248, 250, 252, 253, 256, 257, 259, 260, 261, 262, 263, 266, 267, 278, 279, 282, 283, 284, 289], "summary": {"covered_lines": 20, "num_statements": 29, "percent_covered": 68.96551724137932, "percent_covered_display": "69", "missing_lines": 9, "excluded_lines": 0, "percent_statements_covered": 68.96551724137932, "percent_statements_covered_display": "69"}, "missing_lines": [269, 270, 272, 273, 274, 275, 276, 286, 287], "excluded_lines": []}, "": {"executed_lines": [4, 11, 13, 14, 16, 19, 29, 83, 119, 155, 184, 227], "summary": {"covered_lines": 11, "num_statements": 11, "percent_covered": 100.0, "percent_covered_display": "100", "missing_lines": 0, "excluded_lines": 0, "percent_statements_covered": 100.0, "percent_statements_covered_display": "100"}, "missing_lines": [], "excluded_lines": []}}, "classes": {"": {"executed_lines": [4, 11, 13, 14, 16, 19, 29, 50, 51, 65, 66, 71, 72, 73, 74, 75, 76, 77, 83, 103, 104, 106, 107, 108, 109, 110, 111, 119, 141, 142, 144, 145, 146, 147, 148, 155, 170, 173, 181, 184, 198, 199, 200, 203, 204, 207, 208, 209, 210, 211, 214, 215, 216, 217, 227, 241, 248, 250, 252, 253, 256, 257, 259, 260, 261, 262, 263, 266, 267, 278, 279, 282, 283, 284, 289], "summary": {"covered_lines": 74, "num_statements": 99, "percent_covered": 74.74747474747475, "percent_covered_display": "75", "missing_lines": 25, "excluded_lines": 0, "percent_statements_covered": 74.74747474747475, "percent_statements_covered_display": "75"}, "missing_lines": [53, 54, 56, 57, 58, 59, 62, 63, 67, 68, 80, 218, 219, 221, 223, 224, 269, 270, 272, 273, 274, 275, 276, 286, 287], "excluded_lines": []}}}, "src/spdx_headers/exceptions.py": {"executed_lines": [4, 11, 13, 14, 17, 18, 20, 23, 24, 32, 38, 39, 40, 42, 43, 44, 46, 49, 50, 55, 61, 63, 67, 68, 73, 76, 77, 84, 85, 86, 88, 90, 91, 92, 93, 94, 98, 100, 103, 104, 110, 111, 113, 114, 116, 119, 120, 126, 127, 129, 130, 132, 135, 136, 141, 142, 143, 145, 148, 149, 156, 157, 159, 160, 162, 165, 166, 171, 172, 173, 178, 181, 182, 187, 188, 190, 191, 196, 199, 217, 218, 220], "summary": {"covered_lines": 71, "num_statements": 75, "percent_covered": 94.66666666666667, "percent_covered_display": "95", "missing_lines": 4, "excluded_lines": 0, "percent_statements_covered": 94.66666666666667, "percent_statements_covered_display": "95"}, "missing_lines": [221, 223, 224, 229], "excluded_lines": [], "functions": {"FileProcessingError.__init__": {"executed_lines": [38, 39, 40, 42, 43, 44, 46], "summary": {"covered_lines": 7, "num_statements": 7, "percent_covered": 100.0, "percent_covered_display": "100", "missing_lines": 0, "excluded_lines": 0, "percent_statements_covered": 100.0, "percent_statements_covered_display": "100"}, "missing_lines": [], "excluded_lines": []}, "EncodingError.__init__": {"executed_lines": [61, 63, 67, 68, 73], "summary": {"covered_lines": 5, "num_statements": 5, "percent_covered": 100.0, "percent_covered_display": "100", "missing_lines": 0, "excluded_lines": 0, "percent_statements_covered": 100.0, "percent_statements_covered_display": "100"}, "missing_lines": [], "excluded_lines": []}, "LicenseNotFoundError.__init__": {"executed_lines": [85, 86, 88, 90, 91, 92, 93, 94, 98, 100], "summary": {"covered_lines": 10, "num_statements": 10, "percent_covered": 100.0, "percent_covered_display": "100", "missing_lines": 0, "excluded_lines": 0, "percent_statements_covered": 100.0, "percent_statements_covered_display": "100"}, "missing_lines": [], "excluded_lines": []}, "DirectoryNotFoundError.__init__": {"executed_lines": [111, 113, 114, 116], "summary": {"covered_lines": 4, "num_statements": 4, "percent_covered": 100.0, "percent_covered_display": "100", "missing_lines": 0, "excluded_lines": 0, "percent_statements_covered": 100.0, "percent_statements_covered_display": "100"}, "missing_lines": [], "excluded_lines": []}, "NoFilesFoundError.__init__": {"executed_lines": [127, 129, 130, 132], "summary": {"covered_lines": 4, "num_statements": 4, "percent_covered": 100.0, "percent_covered_display": "100", "missing_lines": 0, "excluded_lines": 0, "percent_statements_covered": 100.0, "percent_statements_covered_display": "100"}, "missing_lines": [], "excluded_lines": []}, "HeaderNotFoundError.__init__": {"executed_lines": [142, 143, 145], "summary": {"covered_lines": 3, "num_statements": 3, "percent_covered": 100.0, "percent_covered_display": "100", "missing_lines": 0, "excluded_lines": 0, "percent_statements_covered": 100.0, "percent_statements_covered_display": "100"}, "missing_lines": [], "excluded_lines": []}, "InvalidHeaderError.__init__": {"executed_lines": [157, 159, 160, 162], "summary": {"covered_lines": 4, "num_statements": 4, "percent_covered": 100.0, "percent_covered_display": "100", "missing_lines": 0, "excluded_lines": 0, "percent_statements_covered": 100.0, "percent_statements_covered_display": "100"}, "missing_lines": [], "excluded_lines": []}, "ConcurrentModificationError.__init__": {"executed_lines": [172, 173, 178], "summary": {"covered_lines": 3, "num_statements": 3, "percent_covered": 100.0, "percent_covered_display": "100", "missing_lines": 0, "excluded_lines": 0, "percent_statements_covered": 100.0, "percent_statements_covered_display": "100"}, "missing_lines": [], "excluded_lines": []}, "PermissionError.__init__": {"executed_lines": [188, 190, 191, 196], "summary": {"covered_lines": 4, "num_statements": 4, "percent_covered": 100.0, "percent_covered_display": "100", "missing_lines": 0, "excluded_lines": 0, "percent_statements_covered": 100.0, "percent_statements_covered_display": "100"}, "missing_lines": [], "excluded_lines": []}, "find_similar_licenses": {"executed_lines": [217, 218, 220], "summary": {"covered_lines": 3, "num_statements": 7, "percent_covered": 42.857142857142854, "percent_covered_display": "43", "missing_lines": 4, "excluded_lines": 0, "percent_statements_covered": 42.857142857142854, "percent_statements_covered_display": "43"}, "missing_lines": [221, 223, 224, 229], "excluded_lines": []}, "": {"executed_lines": [4, 11, 13, 14, 17, 18, 20, 23, 24, 32, 49, 50, 55, 76, 77, 84, 103, 104, 110, 119, 120, 126, 135, 136, 141, 148, 149, 156, 165, 166, 171, 181, 182, 187, 199], "summary": {"covered_lines": 24, "num_statements": 24, "percent_covered": 100.0, "percent_covered_display": "100", "missing_lines": 0, "excluded_lines": 0, "percent_statements_covered": 100.0, "percent_statements_covered_display": "100"}, "missing_lines": [], "excluded_lines": []}}, "classes": {"SPDXError": {"executed_lines": [], "summary": {"covered_lines": 0, "num_statements": 0, "percent_covered": 100.0, "percent_covered_display": "100", "missing_lines": 0, "excluded_lines": 0, "percent_statements_covered": 100.0, "percent_statements_covered_display": "100"}, "missing_lines": [], "excluded_lines": []}, "FileProcessingError": {"executed_lines": [38, 39, 40, 42, 43, 44, 46], "summary": {"covered_lines": 7, "num_statements": 7, "percent_covered": 100.0, "percent_covered_display": "100", "missing_lines": 0, "excluded_lines": 0, "percent_statements_covered": 100.0, "percent_statements_covered_display": "100"}, "missing_lines": [], "excluded_lines": []}, "EncodingError": {"executed_lines": [61, 63, 67, 68, 73], "summary": {"covered_lines": 5, "num_statements": 5, "percent_covered": 100.0, "percent_covered_display": "100", "missing_lines": 0, "excluded_lines": 0, "percent_statements_covered": 100.0, "percent_statements_covered_display": "100"}, "missing_lines": [], "excluded_lines": []}, "LicenseNotFoundError": {"executed_lines": [85, 86, 88, 90, 91, 92, 93, 94, 98, 100], "summary": {"covered_lines": 10, "num_statements": 10, "percent_covered": 100.0, "percent_covered_display": "100", "missing_lines": 0, "excluded_lines": 0, "percent_statements_covered": 100.0, "percent_statements_covered_display": "100"}, "missing_lines": [], "excluded_lines": []}, "DirectoryNotFoundError": {"executed_lines": [111, 113, 114, 116], "summary": {"covered_lines": 4, "num_statements": 4, "percent_covered": 100.0, "percent_covered_display": "100", "missing_lines": 0, "excluded_lines": 0, "percent_statements_covered": 100.0, "percent_statements_covered_display": "100"}, "missing_lines": [], "excluded_lines": []}, "NoFilesFoundError": {"executed_lines": [127, 129, 130, 132], "summary": {"covered_lines": 4, "num_statements": 4, "percent_covered": 100.0, "percent_covered_display": "100", "missing_lines": 0, "excluded_lines": 0, "percent_statements_covered": 100.0, "percent_statements_covered_display": "100"}, "missing_lines": [], "excluded_lines": []}, "HeaderNotFoundError": {"executed_lines": [142, 143, 145], "summary": {"covered_lines": 3, "num_statements": 3, "percent_covered": 100.0, "percent_covered_display": "100", "missing_lines": 0, "excluded_lines": 0, "percent_statements_covered": 100.0, "percent_statements_covered_display": "100"}, "missing_lines": [], "excluded_lines": []}, "InvalidHeaderError": {"executed_lines": [157, 159, 160, 162], "summary": {"covered_lines": 4, "num_statements": 4, "percent_covered": 100.0, "percent_covered_display": "100", "missing_lines": 0, "excluded_lines": 0, "percent_statements_covered": 100.0, "percent_statements_covered_display": "100"}, "missing_lines": [], "excluded_lines": []}, "ConcurrentModificationError": {"executed_lines": [172, 173, 178], "summary": {"covered_lines": 3, "num_statements": 3, "percent_covered": 100.0, "percent_covered_display": "100", "missing_lines": 0, "excluded_lines": 0, "percent_statements_covered": 100.0, "percent_statements_covered_display": "100"}, "missing_lines": [], "excluded_lines": []}, "PermissionError": {"executed_lines": [188, 190, 191, 196], "summary": {"covered_lines": 4, "num_statements": 4, "percent_covered": 100.0, "percent_covered_display": "100", "missing_lines": 0, "excluded_lines": 0, "percent_statements_covered": 100.0, "percent_statements_covered_display": "100"}, "missing_lines": [], "excluded_lines": []}, "": {"executed_lines": [4, 11, 13, 14, 17, 18, 20, 23, 24, 32, 49, 50, 55, 76, 77, 84, 103, 104, 110, 119, 120, 126, 135, 136, 141, 148, 149, 156, 165, 166, 171, 181, 182, 187, 199, 217, 218, 220], "summary": {"covered_lines": 27, "num_statements": 31, "percent_covered": 87.09677419354838, "percent_covered_display": "87", "missing_lines": 4, "excluded_lines": 0, "percent_statements_covered": 87.09677419354838, "percent_statements_covered_display": "87"}, "missing_lines": [221, 223, 224, 229], "excluded_lines": []}}}, "src/spdx_headers/generate_data.py": {"executed_lines": [], "summary": {"covered_lines": 0, "num_statements": 7, "percent_covered": 0.0, "percent_covered_display": "0", "missing_lines": 7, "excluded_lines": 2, "percent_statements_covered": 0.0, "percent_statements_covered_display": "0"}, "missing_lines": [8, 10, 13, 15, 18, 25, 27], "excluded_lines": [30, 31], "functions": {"main": {"executed_lines": [], "summary": {"covered_lines": 0, "num_statements": 4, "percent_covered": 0.0, "percent_covered_display": "0", "missing_lines": 4, "excluded_lines": 0, "percent_statements_covered": 0.0, "percent_statements_covered_display": "0"}, "missing_lines": [15, 18, 25, 27], "excluded_lines": []}, "": {"executed_lines": [], "summary": {"covered_lines": 0, "num_statements": 3, "percent_covered": 0.0, "percent_covered_display": "0", "missing_lines": 3, "excluded_lines": 2, "percent_statements_covered": 0.0, "percent_statements_covered_display": "0"}, "missing_lines": [8, 10, 13], "excluded_lines": [30, 31]}}, "classes": {"": {"executed_lines": [], "summary": {"covered_lines": 0, "num_statements": 7, "percent_covered": 0.0, "percent_covered_display": "0", "missing_lines": 7, "excluded_lines": 2, "percent_statements_covered": 0.0, "percent_statements_covered_display": "0"}, "missing_lines": [8, 10, 13, 15, 18, 25, 27], "excluded_lines": [30, 31]}}}, "src/spdx_headers/operations.py": {"executed_lines": [4, 8, 10, 11, 12, 13, 14, 15, 16, 17, 18, 19, 20, 22, 29, 30, 31, 38, 39, 42, 43, 44, 53, 55, 56, 57, 59, 60, 61, 62, 64, 69, 70, 71, 72, 73, 75, 78, 81, 83, 85, 86, 87, 89, 90, 91, 92, 93, 95, 101, 102, 104, 105, 106, 110, 111, 113, 114, 116, 117, 119, 120, 121, 123, 124, 125, 126, 127, 128, 130, 132, 134, 135, 137, 140, 145, 146, 147, 149, 150, 152, 153, 154, 155, 156, 158, 161, 162, 163, 164, 165, 167, 168, 169, 170, 171, 172, 173, 176, 179, 189, 190, 191, 192, 194, 195, 197, 198, 199, 201, 202, 206, 208, 209, 215, 218, 222, 223, 224, 225, 233, 235, 237, 238, 246, 251, 252, 253, 254, 256, 257, 259, 260, 261, 262, 263, 265, 267, 269, 270, 271, 273, 274, 275, 276, 277, 280, 291, 297, 298, 305, 307, 308, 310, 312, 313, 315, 316, 317, 319, 321, 324, 325, 329, 330, 332, 333, 336, 337, 338, 350, 351, 353, 358, 368, 372, 373, 376, 378, 380, 382, 383, 385, 386, 387, 405, 406, 409, 411, 413, 415, 417, 418, 420, 421, 422, 440, 441, 444, 448, 450, 451, 453, 454, 460, 463, 470, 471, 472, 475, 476, 478, 479, 481, 482, 483, 485, 486, 487, 488, 494, 495, 496, 498, 499, 501, 502, 503, 504, 505, 506, 507, 508, 509, 516, 547, 554, 558, 559, 561, 563, 566, 567, 569, 571, 572, 573, 574, 575, 578, 585, 586], "summary": {"covered_lines": 251, "num_statements": 335, "percent_covered": 74.92537313432835, "percent_covered_display": "75", "missing_lines": 84, "excluded_lines": 4, "percent_statements_covered": 74.92537313432835, "percent_statements_covered_display": "75"}, "missing_lines": [112, 136, 174, 175, 210, 213, 227, 230, 240, 241, 242, 243, 293, 294, 295, 299, 326, 331, 340, 341, 342, 343, 345, 346, 347, 348, 354, 355, 369, 370, 374, 375, 389, 391, 392, 394, 395, 396, 397, 398, 400, 402, 403, 424, 426, 427, 429, 430, 431, 432, 433, 435, 437, 438, 497, 512, 513, 518, 519, 520, 521, 522, 524, 526, 527, 530, 531, 534, 536, 537, 538, 539, 540, 541, 542, 544, 555, 556, 579, 580, 581, 582, 583, 587], "excluded_lines": [528, 529, 532, 533], "functions": {"_build_license_placeholder": {"executed_lines": [43, 44], "summary": {"covered_lines": 2, "num_statements": 2, "percent_covered": 100.0, "percent_covered_display": "100", "missing_lines": 0, "excluded_lines": 0, "percent_statements_covered": 100.0, "percent_statements_covered_display": "100"}, "missing_lines": [], "excluded_lines": []}, "_resolve_license_text": {"executed_lines": [55, 56, 57, 59, 60, 61, 62, 64, 69, 70, 71, 72, 73, 75], "summary": {"covered_lines": 14, "num_statements": 14, "percent_covered": 100.0, "percent_covered_display": "100", "missing_lines": 0, "excluded_lines": 0, "percent_statements_covered": 100.0, "percent_statements_covered_display": "100"}, "missing_lines": [], "excluded_lines": []}, "_wrap_license_text": {"executed_lines": [83, 85, 119, 120, 121, 123, 124, 125, 126, 127, 128, 130, 132, 134, 135, 137], "summary": {"covered_lines": 16, "num_statements": 17, "percent_covered": 94.11764705882354, "percent_covered_display": "94", "missing_lines": 1, "excluded_lines": 0, "percent_statements_covered": 94.11764705882354, "percent_statements_covered_display": "94"}, "missing_lines": [136], "excluded_lines": []}, "_wrap_license_text.flush_paragraph": {"executed_lines": [86, 87, 89, 90, 91, 92, 93, 95, 101, 102, 104, 105, 106, 110, 111, 113, 114, 116, 117], "summary": {"covered_lines": 19, "num_statements": 20, "percent_covered": 95.0, "percent_covered_display": "95", "missing_lines": 1, "excluded_lines": 0, "percent_statements_covered": 95.0, "percent_statements_covered_display": "95"}, "missing_lines": [112], "excluded_lines": []}, "check_missing_headers": {"executed_lines": [145, 146, 147, 149, 150, 152, 153, 154, 155, 156, 158], "summary": {"covered_lines": 11, "num_statements": 11, "percent_covered": 100.0, "percent_covered_display": "100", "missing_lines": 0, "excluded_lines": 0, "percent_statements_covered": 100.0, "percent_statements_covered_display": "100"}, "missing_lines": [], "excluded_lines": []}, "_collect_license_identifiers": {"executed_lines": [162, 163, 164, 165, 167, 168, 169, 170, 171, 172, 173, 176], "summary": {"covered_lines": 12, "num_statements": 14, "percent_covered": 85.71428571428571, "percent_covered_display": "86", "missing_lines": 2, "excluded_lines": 0, "percent_statements_covered": 85.71428571428571, "percent_statements_covered_display": "86"}, "missing_lines": [174, 175], "excluded_lines": []}, "auto_fix_headers": {"executed_lines": [189, 190, 191, 192, 194, 195, 197, 198, 199, 201, 202, 206, 208, 209, 215, 218, 222, 223, 224, 225], "summary": {"covered_lines": 20, "num_statements": 24, "percent_covered": 83.33333333333333, "percent_covered_display": "83", "missing_lines": 4, "excluded_lines": 0, "percent_statements_covered": 83.33333333333333, "percent_statements_covered_display": "83"}, "missing_lines": [210, 213, 227, 230], "excluded_lines": []}, "verify_spdx_headers": {"executed_lines": [235, 237, 238], "summary": {"covered_lines": 3, "num_statements": 7, "percent_covered": 42.857142857142854, "percent_covered_display": "43", "missing_lines": 4, "excluded_lines": 0, "percent_statements_covered": 42.857142857142854, "percent_statements_covered_display": "43"}, "missing_lines": [240, 241, 242, 243], "excluded_lines": []}, "check_headers": {"executed_lines": [251, 252, 253, 254, 256, 257, 259, 260, 261, 262, 263, 265, 267, 269, 270, 271, 273, 274, 275, 276, 277], "summary": {"covered_lines": 21, "num_statements": 21, "percent_covered": 100.0, "percent_covered_display": "100", "missing_lines": 0, "excluded_lines": 0, "percent_statements_covered": 100.0, "percent_statements_covered_display": "100"}, "missing_lines": [], "excluded_lines": []}, "add_header_to_py_files": {"executed_lines": [291, 297, 298, 305, 307, 308, 310, 312, 313, 315, 316, 317, 319, 321, 324, 325, 329, 330, 332, 333, 336, 337, 338, 350, 351, 353], "summary": {"covered_lines": 26, "num_statements": 42, "percent_covered": 61.904761904761905, "percent_covered_display": "62", "missing_lines": 16, "excluded_lines": 0, "percent_statements_covered": 61.904761904761905, "percent_statements_covered_display": "62"}, "missing_lines": [293, 294, 295, 299, 326, 331, 340, 341, 342, 343, 345, 346, 347, 348, 354, 355], "excluded_lines": []}, "change_header_in_py_files": {"executed_lines": [368, 372, 373, 376, 378, 380, 382, 383, 385, 386, 387, 405, 406], "summary": {"covered_lines": 13, "num_statements": 28, "percent_covered": 46.42857142857143, "percent_covered_display": "46", "missing_lines": 15, "excluded_lines": 0, "percent_statements_covered": 46.42857142857143, "percent_statements_covered_display": "46"}, "missing_lines": [369, 370, 374, 375, 389, 391, 392, 394, 395, 396, 397, 398, 400, 402, 403], "excluded_lines": []}, "remove_header_from_py_files": {"executed_lines": [411, 413, 415, 417, 418, 420, 421, 422, 440, 441], "summary": {"covered_lines": 10, "num_statements": 21, "percent_covered": 47.61904761904762, "percent_covered_display": "48", "missing_lines": 11, "excluded_lines": 0, "percent_statements_covered": 47.61904761904762, "percent_statements_covered_display": "48"}, "missing_lines": [424, 426, 427, 429, 430, 431, 432, 433, 435, 437, 438], "excluded_lines": []}, "filter_licenses": {"executed_lines": [448, 450, 451, 453, 454, 460], "summary": {"covered_lines": 6, "num_statements": 6, "percent_covered": 100.0, "percent_covered_display": "100", "missing_lines": 0, "excluded_lines": 0, "percent_statements_covered": 100.0, "percent_statements_covered_display": "100"}, "missing_lines": [], "excluded_lines": []}, "extract_license": {"executed_lines": [470, 471, 472, 475, 476, 478, 479, 481, 482, 483, 485, 486, 487, 488, 494, 495, 496, 498, 499, 501, 502, 503, 504, 505, 506, 507, 508, 509], "summary": {"covered_lines": 28, "num_statements": 31, "percent_covered": 90.3225806451613, "percent_covered_display": "90", "missing_lines": 3, "excluded_lines": 0, "percent_statements_covered": 90.3225806451613, "percent_statements_covered_display": "90"}, "missing_lines": [497, 512, 513], "excluded_lines": []}, "_default_open_editor": {"executed_lines": [], "summary": {"covered_lines": 0, "num_statements": 19, "percent_covered": 0.0, "percent_covered_display": "0", "missing_lines": 19, "excluded_lines": 4, "percent_statements_covered": 0.0, "percent_statements_covered_display": "0"}, "missing_lines": [518, 519, 520, 521, 522, 524, 526, 527, 530, 531, 534, 536, 537, 538, 539, 540, 541, 542, 544], "excluded_lines": [528, 529, 532, 533]}, "show_license": {"executed_lines": [554, 558, 559, 561, 563, 566, 567, 569, 571, 572, 573, 574, 575, 578, 585, 586], "summary": {"covered_lines": 16, "num_statements": 24, "percent_covered": 66.66666666666667, "percent_covered_display": "67", "missing_lines": 8, "excluded_lines": 0, "percent_statements_covered": 66.66666666666667, "percent_statements_covered_display": "67"}, "missing_lines": [555, 556, 579, 580, 581, 582, 583, 587], "excluded_lines": []}, "": {"executed_lines": [4, 8, 10, 11, 12, 13, 14, 15, 16, 17, 18, 19, 20, 22, 29, 30, 31, 38, 39, 42, 53, 78, 81, 140, 161, 179, 233, 246, 280, 358, 409, 444, 463, 516, 547], "summary": {"covered_lines": 34, "num_statements": 34, "percent_covered": 100.0, "percent_covered_display": "100", "missing_lines": 0, "excluded_lines": 0, "percent_statements_covered": 100.0, "percent_statements_covered_display": "100"}, "missing_lines": [], "excluded_lines": []}}, "classes": {"": {"executed_lines": [4, 8, 10, 11, 12, 13, 14, 15, 16, 17, 18, 19, 20, 22, 29, 30, 31, 38, 39, 42, 43, 44, 53, 55, 56, 57, 59, 60, 61, 62, 64, 69, 70, 71, 72, 73, 75, 78, 81, 83, 85, 86, 87, 89, 90, 91, 92, 93, 95, 101, 102, 104, 105, 106, 110, 111, 113, 114, 116, 117, 119, 120, 121, 123, 124, 125, 126, 127, 128, 130, 132, 134, 135, 137, 140, 145, 146, 147, 149, 150, 152, 153, 154, 155, 156, 158, 161, 162, 163, 164, 165, 167, 168, 169, 170, 171, 172, 173, 176, 179, 189, 190, 191, 192, 194, 195, 197, 198, 199, 201, 202, 206, 208, 209, 215, 218, 222, 223, 224, 225, 233, 235, 237, 238, 246, 251, 252, 253, 254, 256, 257, 259, 260, 261, 262, 263, 265, 267, 269, 270, 271, 273, 274, 275, 276, 277, 280, 291, 297, 298, 305, 307, 308, 310, 312, 313, 315, 316, 317, 319, 321, 324, 325, 329, 330, 332, 333, 336, 337, 338, 350, 351, 353, 358, 368, 372, 373, 376, 378, 380, 382, 383, 385, 386, 387, 405, 406, 409, 411, 413, 415, 417, 418, 420, 421, 422, 440, 441, 444, 448, 450, 451, 453, 454, 460, 463, 470, 471, 472, 475, 476, 478, 479, 481, 482, 483, 485, 486, 487, 488, 494, 495, 496, 498, 499, 501, 502, 503, 504, 505, 506, 507, 508, 509, 516, 547, 554, 558, 559, 561, 563, 566, 567, 569, 571, 572, 573, 574, 575, 578, 585, 586], "summary": {"covered_lines": 251, "num_statements": 335, "percent_covered": 74.92537313432835, "percent_covered_display": "75", "missing_lines": 84, "excluded_lines": 4, "percent_statements_covered": 74.92537313432835, "percent_statements_covered_display": "75"}, "missing_lines": [112, 136, 174, 175, 210, 213, 227, 230, 240, 241, 242, 243, 293, 294, 295, 299, 326, 331, 340, 341, 342, 343, 345, 346, 347, 348, 354, 355, 369, 370, 374, 375, 389, 391, 392, 394, 395, 396, 397, 398, 400, 402, 403, 424, 426, 427, 429, 430, 431, 432, 433, 435, 437, 438, 497, 512, 513, 518, 519, 520, 521, 522, 524, 526, 527, 530, 531, 534, 536, 537, 538, 539, 540, 541, 542, 544, 555, 556, 579, 580, 581, 582, 583, 587], "excluded_lines": [528, 529, 532, 533]}}}}, "totals": {"covered_lines": 715, "num_statements": 954, "percent_covered": 74.94758909853249, "percent_covered_display": "75", "missing_lines": 239, "excluded_lines": 21, "percent_statements_covered": 74.94758909853249, "percent_statements_covered_display": "75"}}